<?xml version="1.0" encoding="UTF-8"?>
<!-- Generated by org.testng.reporters.JUnitReportReporter -->
<testsuite hostname="DESKTOP-285KDFR" failures="0" tests="2" name="testClasses.TestClass2" time="0.000" errors="0" timestamp="2022-10-24T22:22:31 IST" skipped="0">
  <testcase classname="testClasses.TestClass2" name="test2A" time="0.000"/>
  <system-out/>
  <testcase classname="testClasses.TestClass2" name="test2B" time="0.000"/>
  <system-out/>
</testsuite> <!-- testClasses.TestClass2 -->
