<?xml version="1.0" encoding="UTF-8"?>
<!-- Generated by org.testng.reporters.JUnitReportReporter -->
<testsuite hostname="DESKTOP-285KDFR" failures="0" tests="1" name="demo.Practice" time="0.112" errors="0" timestamp="2022-10-22T21:09:13 IST" skipped="0">
  <testcase classname="demo.Practice" name="method" time="0.112"/>
  <system-out/>
</testsuite> <!-- demo.Practice -->
