<?xml version="1.0" encoding="UTF-8"?>
<!-- Generated by org.testng.reporters.JUnitReportReporter -->
<testsuite hostname="DESKTOP-285KDFR" failures="0" tests="1" name="testClasses.BaseClass" time="11.194" errors="0" timestamp="2022-10-24T04:53:50 IST" skipped="0">
  <testcase classname="testClasses.BaseClass" name="setUp" time="11.194"/>
  <system-out/>
</testsuite> <!-- testClasses.BaseClass -->
