<?xml version="1.0" encoding="UTF-8"?>
<!-- Generated by org.testng.reporters.JUnitReportReporter -->
<testsuite hostname="DESKTOP-285KDFR" failures="0" tests="2" name="testClasses.TestClass1" time="0.016" errors="0" timestamp="2022-10-24T22:22:31 IST" skipped="0">
  <testcase classname="testClasses.TestClass1" name="test1A" time="0.016"/>
  <system-out/>
  <testcase classname="testClasses.TestClass1" name="test1B" time="0.000"/>
  <system-out/>
</testsuite> <!-- testClasses.TestClass1 -->
